{"/Users/parthkalani/Downloads/pay-coverage/src/config/index.ts": {"path":"/Users/parthkalani/Downloads/pay-coverage/src/config/index.ts","statementMap":{"0":{"start":{"line":1,"column":0},"end":{"line":1,"column":28}},"1":{"start":{"line":2,"column":0},"end":{"line":2,"column":16}},"2":{"start":{"line":4,"column":13},"end":{"line":37,"column":2}}},"fnMap":{},"branchMap":{"0":{"loc":{"start":{"line":5,"column":17},"end":{"line":5,"column":43}},"type":"binary-expr","locations":[{"start":{"line":5,"column":17},"end":{"line":5,"column":33}},{"start":{"line":5,"column":37},"end":{"line":5,"column":43}}]},"1":{"loc":{"start":{"line":6,"column":12},"end":{"line":6,"column":80}},"type":"binary-expr","locations":[{"start":{"line":6,"column":12},"end":{"line":6,"column":33}},{"start":{"line":6,"column":37},"end":{"line":6,"column":80}}]},"2":{"loc":{"start":{"line":7,"column":11},"end":{"line":7,"column":48}},"type":"binary-expr","locations":[{"start":{"line":7,"column":11},"end":{"line":7,"column":31}},{"start":{"line":7,"column":35},"end":{"line":7,"column":48}}]},"3":{"loc":{"start":{"line":10,"column":26},"end":{"line":10,"column":63}},"type":"binary-expr","locations":[{"start":{"line":10,"column":26},"end":{"line":10,"column":56}},{"start":{"line":10,"column":60},"end":{"line":10,"column":63}}]},"4":{"loc":{"start":{"line":11,"column":24},"end":{"line":11,"column":65}},"type":"binary-expr","locations":[{"start":{"line":11,"column":24},"end":{"line":11,"column":55}},{"start":{"line":11,"column":59},"end":{"line":11,"column":65}}]},"5":{"loc":{"start":{"line":12,"column":23},"end":{"line":12,"column":64}},"type":"binary-expr","locations":[{"start":{"line":12,"column":23},"end":{"line":12,"column":53}},{"start":{"line":12,"column":57},"end":{"line":12,"column":64}}]},"6":{"loc":{"start":{"line":16,"column":31},"end":{"line":16,"column":70}},"type":"binary-expr","locations":[{"start":{"line":16,"column":31},"end":{"line":16,"column":63}},{"start":{"line":16,"column":67},"end":{"line":16,"column":70}}]},"7":{"loc":{"start":{"line":17,"column":30},"end":{"line":17,"column":75}},"type":"binary-expr","locations":[{"start":{"line":17,"column":30},"end":{"line":17,"column":64}},{"start":{"line":17,"column":68},"end":{"line":17,"column":75}}]},"8":{"loc":{"start":{"line":18,"column":31},"end":{"line":18,"column":72}},"type":"binary-expr","locations":[{"start":{"line":18,"column":31},"end":{"line":18,"column":65}},{"start":{"line":18,"column":69},"end":{"line":18,"column":72}}]},"9":{"loc":{"start":{"line":22,"column":23},"end":{"line":22,"column":67}},"type":"binary-expr","locations":[{"start":{"line":22,"column":23},"end":{"line":22,"column":55}},{"start":{"line":22,"column":59},"end":{"line":22,"column":67}}]},"10":{"loc":{"start":{"line":23,"column":18},"end":{"line":23,"column":53}},"type":"binary-expr","locations":[{"start":{"line":23,"column":18},"end":{"line":23,"column":44}},{"start":{"line":23,"column":48},"end":{"line":23,"column":53}}]},"11":{"loc":{"start":{"line":27,"column":28},"end":{"line":27,"column":69}},"type":"binary-expr","locations":[{"start":{"line":27,"column":28},"end":{"line":27,"column":60}},{"start":{"line":27,"column":64},"end":{"line":27,"column":69}}]},"12":{"loc":{"start":{"line":28,"column":28},"end":{"line":28,"column":69}},"type":"binary-expr","locations":[{"start":{"line":28,"column":28},"end":{"line":28,"column":60}},{"start":{"line":28,"column":64},"end":{"line":28,"column":69}}]},"13":{"loc":{"start":{"line":29,"column":25},"end":{"line":29,"column":66}},"type":"binary-expr","locations":[{"start":{"line":29,"column":25},"end":{"line":29,"column":57}},{"start":{"line":29,"column":61},"end":{"line":29,"column":66}}]},"14":{"loc":{"start":{"line":30,"column":25},"end":{"line":30,"column":67}},"type":"binary-expr","locations":[{"start":{"line":30,"column":25},"end":{"line":30,"column":57}},{"start":{"line":30,"column":61},"end":{"line":30,"column":67}}]},"15":{"loc":{"start":{"line":31,"column":24},"end":{"line":31,"column":64}},"type":"binary-expr","locations":[{"start":{"line":31,"column":24},"end":{"line":31,"column":54}},{"start":{"line":31,"column":58},"end":{"line":31,"column":64}}]},"16":{"loc":{"start":{"line":35,"column":25},"end":{"line":35,"column":71}},"type":"binary-expr","locations":[{"start":{"line":35,"column":25},"end":{"line":35,"column":60}},{"start":{"line":35,"column":64},"end":{"line":35,"column":71}}]}},"s":{"0":3,"1":3,"2":3},"f":{},"b":{"0":[3,0],"1":[3,0],"2":[3,0],"3":[3,0],"4":[3,0],"5":[3,0],"6":[3,0],"7":[3,0],"8":[3,0],"9":[3,0],"10":[3,0],"11":[3,0],"12":[3,0],"13":[3,0],"14":[3,0],"15":[3,0],"16":[3,0]}}
,"/Users/parthkalani/Downloads/pay-coverage/src/models/payment.model.ts": {"path":"/Users/parthkalani/Downloads/pay-coverage/src/models/payment.model.ts","statementMap":{"0":{"start":{"line":1,"column":0},"end":{"line":1,"column":54}},"1":{"start":{"line":2,"column":0},"end":{"line":2,"column":41}},"2":{"start":{"line":23,"column":22},"end":{"line":54,"column":null}},"3":{"start":{"line":31,"column":44},"end":{"line":31,"column":64}},"4":{"start":{"line":58,"column":0},"end":{"line":58,"column":51}},"5":{"start":{"line":59,"column":0},"end":{"line":59,"column":54}},"6":{"start":{"line":61,"column":13},"end":{"line":61,"column":74}}},"fnMap":{"0":{"name":"(anonymous_9)","decl":{"start":{"line":31,"column":29},"end":{"line":31,"column":30}},"loc":{"start":{"line":31,"column":44},"end":{"line":31,"column":64}}}},"branchMap":{},"s":{"0":3,"1":3,"2":3,"3":31,"4":3,"5":3,"6":3},"f":{"0":31},"b":{}}
,"/Users/parthkalani/Downloads/pay-coverage/src/services/circuit-breaker.service.ts": {"path":"/Users/parthkalani/Downloads/pay-coverage/src/services/circuit-breaker.service.ts","statementMap":{"0":{"start":{"line":1,"column":0},"end":{"line":1,"column":47}},"1":{"start":{"line":2,"column":0},"end":{"line":2,"column":35}},"2":{"start":{"line":3,"column":0},"end":{"line":3,"column":41}},"3":{"start":{"line":12,"column":21},"end":{"line":12,"column":40}},"4":{"start":{"line":13,"column":21},"end":{"line":13,"column":39}},"5":{"start":{"line":14,"column":21},"end":{"line":14,"column":40}},"6":{"start":{"line":6,"column":10},"end":{"line":6,"column":66}},"7":{"start":{"line":7,"column":10},"end":{"line":7,"column":27}},"8":{"start":{"line":8,"column":10},"end":{"line":8,"column":30}},"9":{"start":{"line":9,"column":10},"end":{"line":9,"column":28}},"10":{"start":{"line":18,"column":4},"end":{"line":26,"column":5}},"11":{"start":{"line":19,"column":6},"end":{"line":25,"column":7}},"12":{"start":{"line":20,"column":8},"end":{"line":20,"column":51}},"13":{"start":{"line":21,"column":8},"end":{"line":21,"column":31}},"14":{"start":{"line":22,"column":8},"end":{"line":22,"column":51}},"15":{"start":{"line":24,"column":8},"end":{"line":24,"column":85}},"16":{"start":{"line":28,"column":4},"end":{"line":33,"column":5}},"17":{"start":{"line":32,"column":6},"end":{"line":32,"column":78}},"18":{"start":{"line":35,"column":4},"end":{"line":37,"column":5}},"19":{"start":{"line":36,"column":6},"end":{"line":36,"column":27}},"20":{"start":{"line":39,"column":4},"end":{"line":46,"column":5}},"21":{"start":{"line":40,"column":21},"end":{"line":40,"column":38}},"22":{"start":{"line":41,"column":6},"end":{"line":41,"column":23}},"23":{"start":{"line":42,"column":6},"end":{"line":42,"column":20}},"24":{"start":{"line":44,"column":6},"end":{"line":44,"column":23}},"25":{"start":{"line":45,"column":6},"end":{"line":45,"column":18}},"26":{"start":{"line":50,"column":4},"end":{"line":52,"column":5}},"27":{"start":{"line":51,"column":6},"end":{"line":51,"column":58}},"28":{"start":{"line":53,"column":4},"end":{"line":53,"column":44}},"29":{"start":{"line":54,"column":4},"end":{"line":54,"column":26}},"30":{"start":{"line":58,"column":4},"end":{"line":58,"column":24}},"31":{"start":{"line":59,"column":4},"end":{"line":59,"column":38}},"32":{"start":{"line":61,"column":4},"end":{"line":67,"column":5}},"33":{"start":{"line":65,"column":6},"end":{"line":65,"column":44}},"34":{"start":{"line":66,"column":6},"end":{"line":66,"column":77}},"35":{"start":{"line":71,"column":4},"end":{"line":71,"column":22}},"36":{"start":{"line":75,"column":4},"end":{"line":79,"column":6}},"37":{"start":{"line":83,"column":4},"end":{"line":83,"column":44}},"38":{"start":{"line":84,"column":4},"end":{"line":84,"column":26}},"39":{"start":{"line":85,"column":4},"end":{"line":85,"column":29}},"40":{"start":{"line":86,"column":4},"end":{"line":86,"column":27}},"41":{"start":{"line":5,"column":0},"end":{"line":5,"column":13}},"42":{"start":{"line":90,"column":13},"end":{"line":90,"column":58}}},"fnMap":{"0":{"name":"(anonymous_0)","decl":{"start":{"line":11,"column":2},"end":{"line":11,"column":null}},"loc":{"start":{"line":14,"column":78},"end":{"line":15,"column":6}}},"1":{"name":"(anonymous_1)","decl":{"start":{"line":17,"column":2},"end":{"line":17,"column":7}},"loc":{"start":{"line":17,"column":46},"end":{"line":47,"column":3}}},"2":{"name":"(anonymous_2)","decl":{"start":{"line":49,"column":10},"end":{"line":49,"column":19}},"loc":{"start":{"line":49,"column":19},"end":{"line":55,"column":3}}},"3":{"name":"(anonymous_3)","decl":{"start":{"line":57,"column":10},"end":{"line":57,"column":19}},"loc":{"start":{"line":57,"column":19},"end":{"line":68,"column":3}}},"4":{"name":"(anonymous_4)","decl":{"start":{"line":70,"column":2},"end":{"line":70,"column":10}},"loc":{"start":{"line":70,"column":10},"end":{"line":72,"column":3}}},"5":{"name":"(anonymous_5)","decl":{"start":{"line":74,"column":2},"end":{"line":74,"column":10}},"loc":{"start":{"line":74,"column":10},"end":{"line":80,"column":3}}},"6":{"name":"(anonymous_6)","decl":{"start":{"line":82,"column":2},"end":{"line":82,"column":7}},"loc":{"start":{"line":82,"column":7},"end":{"line":87,"column":3}}}},"branchMap":{"0":{"loc":{"start":{"line":12,"column":21},"end":{"line":12,"column":78}},"type":"default-arg","locations":[{"start":{"line":12,"column":40},"end":{"line":12,"column":78}}]},"1":{"loc":{"start":{"line":13,"column":21},"end":{"line":13,"column":76}},"type":"default-arg","locations":[{"start":{"line":13,"column":39},"end":{"line":13,"column":76}}]},"2":{"loc":{"start":{"line":14,"column":21},"end":{"line":14,"column":78}},"type":"default-arg","locations":[{"start":{"line":14,"column":40},"end":{"line":14,"column":78}}]},"3":{"loc":{"start":{"line":18,"column":4},"end":{"line":26,"column":5}},"type":"if","locations":[{"start":{"line":18,"column":4},"end":{"line":26,"column":5}}]},"4":{"loc":{"start":{"line":19,"column":6},"end":{"line":25,"column":7}},"type":"if","locations":[{"start":{"line":19,"column":6},"end":{"line":25,"column":7}},{"start":{"line":23,"column":13},"end":{"line":25,"column":7}}]},"5":{"loc":{"start":{"line":28,"column":4},"end":{"line":33,"column":5}},"type":"if","locations":[{"start":{"line":28,"column":4},"end":{"line":33,"column":5}}]},"6":{"loc":{"start":{"line":29,"column":6},"end":{"line":30,"column":49}},"type":"binary-expr","locations":[{"start":{"line":29,"column":6},"end":{"line":29,"column":50}},{"start":{"line":30,"column":6},"end":{"line":30,"column":49}}]},"7":{"loc":{"start":{"line":35,"column":4},"end":{"line":37,"column":5}},"type":"if","locations":[{"start":{"line":35,"column":4},"end":{"line":37,"column":5}}]},"8":{"loc":{"start":{"line":50,"column":4},"end":{"line":52,"column":5}},"type":"if","locations":[{"start":{"line":50,"column":4},"end":{"line":52,"column":5}}]},"9":{"loc":{"start":{"line":61,"column":4},"end":{"line":67,"column":5}},"type":"if","locations":[{"start":{"line":61,"column":4},"end":{"line":67,"column":5}}]},"10":{"loc":{"start":{"line":62,"column":6},"end":{"line":63,"column":48}},"type":"binary-expr","locations":[{"start":{"line":62,"column":6},"end":{"line":62,"column":50}},{"start":{"line":63,"column":6},"end":{"line":63,"column":48}}]}},"s":{"0":2,"1":2,"2":2,"3":12,"4":12,"5":12,"6":12,"7":12,"8":12,"9":12,"10":26,"11":4,"12":3,"13":3,"14":3,"15":1,"16":25,"17":1,"18":24,"19":3,"20":24,"21":24,"22":4,"23":4,"24":19,"25":19,"26":4,"27":1,"28":4,"29":4,"30":19,"31":19,"32":19,"33":7,"34":7,"35":8,"36":2,"37":5,"38":5,"39":5,"40":5,"41":2,"42":2},"f":{"0":12,"1":26,"2":4,"3":19,"4":8,"5":2,"6":5},"b":{"0":[2],"1":[2],"2":[2],"3":[4],"4":[3,1],"5":[1],"6":[25,4],"7":[3],"8":[1],"9":[7],"10":[19,18]}}
,"/Users/parthkalani/Downloads/pay-coverage/src/services/gateway.service.ts": {"path":"/Users/parthkalani/Downloads/pay-coverage/src/services/gateway.service.ts","statementMap":{"0":{"start":{"line":52,"column":0},"end":{"line":52,"column":7}},"1":{"start":{"line":1,"column":0},"end":{"line":1,"column":36}},"2":{"start":{"line":3,"column":0},"end":{"line":3,"column":35}},"3":{"start":{"line":4,"column":0},"end":{"line":4,"column":41}},"4":{"start":{"line":5,"column":0},"end":{"line":5,"column":66}},"5":{"start":{"line":7,"column":23},"end":{"line":13,"column":2}},"6":{"start":{"line":16,"column":2},"end":{"line":16,"column":59}},"7":{"start":{"line":16,"column":34},"end":{"line":16,"column":57}},"8":{"start":{"line":20,"column":74},"end":{"line":20,"column":88}},"9":{"start":{"line":22,"column":16},"end":{"line":22,"column":70}},"10":{"start":{"line":23,"column":15},"end":{"line":23,"column":28}},"11":{"start":{"line":26,"column":23},"end":{"line":40,"column":4}},"12":{"start":{"line":27,"column":24},"end":{"line":27,"column":53}},"13":{"start":{"line":29,"column":4},"end":{"line":32,"column":5}},"14":{"start":{"line":31,"column":6},"end":{"line":31,"column":41}},"15":{"start":{"line":34,"column":4},"end":{"line":37,"column":5}},"16":{"start":{"line":35,"column":18},"end":{"line":35,"column":83}},"17":{"start":{"line":36,"column":6},"end":{"line":36,"column":68}},"18":{"start":{"line":39,"column":4},"end":{"line":39,"column":63}},"19":{"start":{"line":42,"column":2},"end":{"line":47,"column":3}},"20":{"start":{"line":43,"column":27},"end":{"line":45,"column":6}},"21":{"start":{"line":44,"column":6},"end":{"line":44,"column":51}},"22":{"start":{"line":46,"column":4},"end":{"line":46,"column":56}},"23":{"start":{"line":49,"column":2},"end":{"line":49,"column":22}},"24":{"start":{"line":57,"column":2},"end":{"line":57,"column":80}},"25":{"start":{"line":59,"column":2},"end":{"line":69,"column":3}},"26":{"start":{"line":60,"column":21},"end":{"line":61,"column":null}},"27":{"start":{"line":61,"column":6},"end":{"line":61,"column":46}},"28":{"start":{"line":63,"column":4},"end":{"line":63,"column":87}},"29":{"start":{"line":64,"column":4},"end":{"line":64,"column":20}},"30":{"start":{"line":66,"column":20},"end":{"line":66,"column":84}},"31":{"start":{"line":67,"column":4},"end":{"line":67,"column":71}},"32":{"start":{"line":68,"column":4},"end":{"line":68,"column":69}}},"fnMap":{"0":{"name":"sleep","decl":{"start":{"line":15,"column":9},"end":{"line":15,"column":14}},"loc":{"start":{"line":15,"column":25},"end":{"line":17,"column":1}}},"1":{"name":"(anonymous_1)","decl":{"start":{"line":16,"column":21},"end":{"line":16,"column":22}},"loc":{"start":{"line":16,"column":34},"end":{"line":16,"column":57}}},"2":{"name":"simulateGatewayRequest","decl":{"start":{"line":19,"column":15},"end":{"line":19,"column":37}},"loc":{"start":{"line":19,"column":70},"end":{"line":50,"column":1}}},"3":{"name":"(anonymous_3)","decl":{"start":{"line":26,"column":41},"end":{"line":26,"column":61}},"loc":{"start":{"line":26,"column":63},"end":{"line":40,"column":3}}},"4":{"name":"(anonymous_4)","decl":{"start":{"line":43,"column":49},"end":{"line":43,"column":59}},"loc":{"start":{"line":43,"column":61},"end":{"line":45,"column":5}}},"5":{"name":"chargePayment","decl":{"start":{"line":52,"column":22},"end":{"line":52,"column":35}},"loc":{"start":{"line":55,"column":18},"end":{"line":70,"column":1}}},"6":{"name":"(anonymous_6)","decl":{"start":{"line":60,"column":57},"end":{"line":60,"column":60}},"loc":{"start":{"line":61,"column":6},"end":{"line":61,"column":46}}}},"branchMap":{"0":{"loc":{"start":{"line":29,"column":4},"end":{"line":32,"column":5}},"type":"if","locations":[{"start":{"line":29,"column":4},"end":{"line":32,"column":5}}]},"1":{"loc":{"start":{"line":34,"column":4},"end":{"line":37,"column":5}},"type":"if","locations":[{"start":{"line":34,"column":4},"end":{"line":37,"column":5}}]},"2":{"loc":{"start":{"line":42,"column":2},"end":{"line":47,"column":3}},"type":"if","locations":[{"start":{"line":42,"column":2},"end":{"line":47,"column":3}}]},"3":{"loc":{"start":{"line":66,"column":20},"end":{"line":66,"column":84}},"type":"cond-expr","locations":[{"start":{"line":66,"column":45},"end":{"line":66,"column":58}},{"start":{"line":66,"column":61},"end":{"line":66,"column":84}}]}},"s":{"0":1,"1":1,"2":1,"3":1,"4":1,"5":1,"6":4,"7":4,"8":3,"9":3,"10":3,"11":3,"12":3,"13":3,"14":1,"15":2,"16":1,"17":1,"18":1,"19":3,"20":1,"21":0,"22":1,"23":2,"24":3,"25":3,"26":3,"27":3,"28":2,"29":2,"30":1,"31":1,"32":1},"f":{"0":4,"1":4,"2":3,"3":3,"4":0,"5":3,"6":3},"b":{"0":[1],"1":[1],"2":[1],"3":[1,0]}}
,"/Users/parthkalani/Downloads/pay-coverage/src/services/payment.service.ts": {"path":"/Users/parthkalani/Downloads/pay-coverage/src/services/payment.service.ts","statementMap":{"0":{"start":{"line":7,"column":0},"end":{"line":7,"column":7}},"1":{"start":{"line":22,"column":0},"end":{"line":22,"column":7}},"2":{"start":{"line":26,"column":0},"end":{"line":26,"column":7}},"3":{"start":{"line":48,"column":0},"end":{"line":48,"column":7}},"4":{"start":{"line":1,"column":0},"end":{"line":1,"column":60}},"5":{"start":{"line":2,"column":0},"end":{"line":2,"column":57}},"6":{"start":{"line":3,"column":0},"end":{"line":3,"column":51}},"7":{"start":{"line":4,"column":0},"end":{"line":4,"column":35}},"8":{"start":{"line":5,"column":0},"end":{"line":5,"column":41}},"9":{"start":{"line":8,"column":18},"end":{"line":13,"column":4}},"10":{"start":{"line":15,"column":2},"end":{"line":15,"column":106}},"11":{"start":{"line":17,"column":2},"end":{"line":17,"column":43}},"12":{"start":{"line":19,"column":2},"end":{"line":19,"column":17}},"13":{"start":{"line":23,"column":2},"end":{"line":23,"column":37}},"14":{"start":{"line":32,"column":42},"end":{"line":32,"column":44}},"15":{"start":{"line":33,"column":2},"end":{"line":33,"column":49}},"16":{"start":{"line":33,"column":18},"end":{"line":33,"column":49}},"17":{"start":{"line":34,"column":2},"end":{"line":34,"column":37}},"18":{"start":{"line":34,"column":14},"end":{"line":34,"column":37}},"19":{"start":{"line":36,"column":28},"end":{"line":43,"column":4}},"20":{"start":{"line":45,"column":2},"end":{"line":45,"column":66}},"21":{"start":{"line":49,"column":18},"end":{"line":60,"column":null}},"22":{"start":{"line":63,"column":2},"end":{"line":65,"column":3}},"23":{"start":{"line":64,"column":4},"end":{"line":64,"column":64}},"24":{"start":{"line":67,"column":2},"end":{"line":67,"column":32}},"25":{"start":{"line":68,"column":2},"end":{"line":68,"column":55}},"26":{"start":{"line":69,"column":2},"end":{"line":69,"column":17}}},"fnMap":{"0":{"name":"createPayment","decl":{"start":{"line":7,"column":22},"end":{"line":7,"column":35}},"loc":{"start":{"line":7,"column":56},"end":{"line":20,"column":1}}},"1":{"name":"getPayment","decl":{"start":{"line":22,"column":22},"end":{"line":22,"column":32}},"loc":{"start":{"line":22,"column":50},"end":{"line":24,"column":1}}},"2":{"name":"listPayments","decl":{"start":{"line":26,"column":22},"end":{"line":26,"column":34}},"loc":{"start":{"line":30,"column":12},"end":{"line":46,"column":1}}},"3":{"name":"retryFailedPayment","decl":{"start":{"line":48,"column":22},"end":{"line":48,"column":40}},"loc":{"start":{"line":48,"column":58},"end":{"line":70,"column":1}}}},"branchMap":{"0":{"loc":{"start":{"line":29,"column":2},"end":{"line":29,"column":10}},"type":"default-arg","locations":[{"start":{"line":29,"column":9},"end":{"line":29,"column":10}}]},"1":{"loc":{"start":{"line":30,"column":2},"end":{"line":30,"column":12}},"type":"default-arg","locations":[{"start":{"line":30,"column":10},"end":{"line":30,"column":12}}]},"2":{"loc":{"start":{"line":33,"column":2},"end":{"line":33,"column":49}},"type":"if","locations":[{"start":{"line":33,"column":2},"end":{"line":33,"column":49}}]},"3":{"loc":{"start":{"line":34,"column":2},"end":{"line":34,"column":37}},"type":"if","locations":[{"start":{"line":34,"column":2},"end":{"line":34,"column":37}}]},"4":{"loc":{"start":{"line":63,"column":2},"end":{"line":65,"column":3}},"type":"if","locations":[{"start":{"line":63,"column":2},"end":{"line":65,"column":3}}]}},"s":{"0":1,"1":1,"2":1,"3":1,"4":1,"5":1,"6":1,"7":1,"8":1,"9":20,"10":20,"11":20,"12":20,"13":2,"14":4,"15":4,"16":1,"17":4,"18":1,"19":4,"20":4,"21":3,"22":3,"23":1,"24":2,"25":2,"26":2},"f":{"0":20,"1":2,"2":4,"3":3},"b":{"0":[3],"1":[3],"2":[1],"3":[1],"4":[1]}}
,"/Users/parthkalani/Downloads/pay-coverage/src/services/webhook.service.ts": {"path":"/Users/parthkalani/Downloads/pay-coverage/src/services/webhook.service.ts","statementMap":{"0":{"start":{"line":11,"column":0},"end":{"line":11,"column":7}},"1":{"start":{"line":1,"column":0},"end":{"line":1,"column":50}},"2":{"start":{"line":2,"column":0},"end":{"line":2,"column":57}},"3":{"start":{"line":3,"column":0},"end":{"line":3,"column":41}},"4":{"start":{"line":6,"column":75},"end":{"line":9,"column":2}},"5":{"start":{"line":15,"column":58},"end":{"line":15,"column":65}},"6":{"start":{"line":17,"column":23},"end":{"line":17,"column":60}},"7":{"start":{"line":19,"column":2},"end":{"line":21,"column":3}},"8":{"start":{"line":20,"column":4},"end":{"line":20,"column":68}},"9":{"start":{"line":23,"column":18},"end":{"line":23,"column":51}},"10":{"start":{"line":24,"column":2},"end":{"line":26,"column":3}},"11":{"start":{"line":25,"column":4},"end":{"line":25,"column":54}},"12":{"start":{"line":29,"column":2},"end":{"line":32,"column":3}},"13":{"start":{"line":30,"column":4},"end":{"line":30,"column":109}},"14":{"start":{"line":31,"column":4},"end":{"line":31,"column":65}},"15":{"start":{"line":34,"column":25},"end":{"line":34,"column":64}},"16":{"start":{"line":35,"column":2},"end":{"line":43,"column":3}},"17":{"start":{"line":36,"column":4},"end":{"line":40,"column":7}},"18":{"start":{"line":42,"column":4},"end":{"line":42,"column":101}},"19":{"start":{"line":45,"column":42},"end":{"line":48,"column":4}},"20":{"start":{"line":50,"column":2},"end":{"line":56,"column":3}},"21":{"start":{"line":51,"column":4},"end":{"line":51,"column":41}},"22":{"start":{"line":52,"column":4},"end":{"line":52,"column":45}},"23":{"start":{"line":53,"column":4},"end":{"line":53,"column":36}},"24":{"start":{"line":54,"column":9},"end":{"line":56,"column":3}},"25":{"start":{"line":55,"column":4},"end":{"line":55,"column":42}},"26":{"start":{"line":59,"column":18},"end":{"line":62,"column":null}},"27":{"start":{"line":65,"column":2},"end":{"line":68,"column":3}},"28":{"start":{"line":66,"column":4},"end":{"line":66,"column":85}},"29":{"start":{"line":67,"column":4},"end":{"line":67,"column":69}},"30":{"start":{"line":70,"column":2},"end":{"line":70,"column":82}},"31":{"start":{"line":71,"column":2},"end":{"line":71,"column":28}}},"fnMap":{"0":{"name":"handleWebhookCallback","decl":{"start":{"line":11,"column":22},"end":{"line":11,"column":43}},"loc":{"start":{"line":11,"column":67},"end":{"line":72,"column":1}}}},"branchMap":{"0":{"loc":{"start":{"line":19,"column":2},"end":{"line":21,"column":3}},"type":"if","locations":[{"start":{"line":19,"column":2},"end":{"line":21,"column":3}}]},"1":{"loc":{"start":{"line":24,"column":2},"end":{"line":26,"column":3}},"type":"if","locations":[{"start":{"line":24,"column":2},"end":{"line":26,"column":3}}]},"2":{"loc":{"start":{"line":29,"column":2},"end":{"line":32,"column":3}},"type":"if","locations":[{"start":{"line":29,"column":2},"end":{"line":32,"column":3}}]},"3":{"loc":{"start":{"line":34,"column":25},"end":{"line":34,"column":64}},"type":"binary-expr","locations":[{"start":{"line":34,"column":25},"end":{"line":34,"column":58}},{"start":{"line":34,"column":62},"end":{"line":34,"column":64}}]},"4":{"loc":{"start":{"line":35,"column":2},"end":{"line":43,"column":3}},"type":"if","locations":[{"start":{"line":35,"column":2},"end":{"line":43,"column":3}}]},"5":{"loc":{"start":{"line":50,"column":2},"end":{"line":56,"column":3}},"type":"if","locations":[{"start":{"line":50,"column":2},"end":{"line":56,"column":3}},{"start":{"line":54,"column":9},"end":{"line":56,"column":3}}]},"6":{"loc":{"start":{"line":54,"column":9},"end":{"line":56,"column":3}},"type":"if","locations":[{"start":{"line":54,"column":9},"end":{"line":56,"column":3}}]},"7":{"loc":{"start":{"line":65,"column":2},"end":{"line":68,"column":3}},"type":"if","locations":[{"start":{"line":65,"column":2},"end":{"line":68,"column":3}}]}},"s":{"0":1,"1":1,"2":1,"3":1,"4":1,"5":7,"6":7,"7":7,"8":1,"9":6,"10":6,"11":1,"12":5,"13":1,"14":1,"15":4,"16":4,"17":1,"18":1,"19":3,"20":3,"21":2,"22":2,"23":2,"24":1,"25":1,"26":3,"27":3,"28":0,"29":0,"30":3,"31":3},"f":{"0":7},"b":{"0":[1],"1":[1],"2":[1],"3":[4,1],"4":[1],"5":[2,1],"6":[1],"7":[0]}}
,"/Users/parthkalani/Downloads/pay-coverage/src/utils/logger.ts": {"path":"/Users/parthkalani/Downloads/pay-coverage/src/utils/logger.ts","statementMap":{"0":{"start":{"line":1,"column":0},"end":{"line":1,"column":30}},"1":{"start":{"line":2,"column":0},"end":{"line":2,"column":35}},"2":{"start":{"line":4,"column":63},"end":{"line":4,"column":77}},"3":{"start":{"line":6,"column":13},"end":{"line":15,"column":3}}},"fnMap":{},"branchMap":{"0":{"loc":{"start":{"line":7,"column":9},"end":{"line":7,"column":98}},"type":"cond-expr","locations":[{"start":{"line":7,"column":37},"end":{"line":7,"column":45}},{"start":{"line":7,"column":48},"end":{"line":7,"column":98}}]},"1":{"loc":{"start":{"line":7,"column":48},"end":{"line":7,"column":98}},"type":"cond-expr","locations":[{"start":{"line":7,"column":82},"end":{"line":7,"column":88}},{"start":{"line":7,"column":91},"end":{"line":7,"column":98}}]},"2":{"loc":{"start":{"line":12,"column":14},"end":{"line":12,"column":86}},"type":"cond-expr","locations":[{"start":{"line":12,"column":48},"end":{"line":12,"column":54}},{"start":{"line":12,"column":57},"end":{"line":12,"column":86}}]}},"s":{"0":4,"1":4,"2":4,"3":4},"f":{},"b":{"0":[4,0],"1":[0,0],"2":[0,4]}}
}
