TN:
SF:src/config/index.ts
FNF:0
FNH:0
DA:1,3
DA:2,3
DA:4,3
LF:3
LH:3
BRDA:5,0,0,3
BRDA:5,0,1,0
BRDA:6,1,0,3
BRDA:6,1,1,0
BRDA:7,2,0,3
BRDA:7,2,1,0
BRDA:10,3,0,3
BRDA:10,3,1,0
BRDA:11,4,0,3
BRDA:11,4,1,0
BRDA:12,5,0,3
BRDA:12,5,1,0
BRDA:16,6,0,3
BRDA:16,6,1,0
BRDA:17,7,0,3
BRDA:17,7,1,0
BRDA:18,8,0,3
BRDA:18,8,1,0
BRDA:22,9,0,3
BRDA:22,9,1,0
BRDA:23,10,0,3
BRDA:23,10,1,0
BRDA:27,11,0,3
BRDA:27,11,1,0
BRDA:28,12,0,3
BRDA:28,12,1,0
BRDA:29,13,0,3
BRDA:29,13,1,0
BRDA:30,14,0,3
BRDA:30,14,1,0
BRDA:31,15,0,3
BRDA:31,15,1,0
BRDA:35,16,0,3
BRDA:35,16,1,0
BRF:34
BRH:17
end_of_record
TN:
SF:src/models/payment.model.ts
FN:31,(anonymous_9)
FNF:1
FNH:1
FNDA:31,(anonymous_9)
DA:1,3
DA:2,3
DA:23,3
DA:31,31
DA:58,3
DA:59,3
DA:61,3
LF:7
LH:7
BRF:0
BRH:0
end_of_record
TN:
SF:src/services/circuit-breaker.service.ts
FN:11,(anonymous_0)
FN:17,(anonymous_1)
FN:49,(anonymous_2)
FN:57,(anonymous_3)
FN:70,(anonymous_4)
FN:74,(anonymous_5)
FN:82,(anonymous_6)
FNF:7
FNH:7
FNDA:12,(anonymous_0)
FNDA:26,(anonymous_1)
FNDA:4,(anonymous_2)
FNDA:19,(anonymous_3)
FNDA:8,(anonymous_4)
FNDA:2,(anonymous_5)
FNDA:5,(anonymous_6)
DA:1,2
DA:2,2
DA:3,2
DA:5,2
DA:6,12
DA:7,12
DA:8,12
DA:9,12
DA:12,12
DA:13,12
DA:14,12
DA:18,26
DA:19,4
DA:20,3
DA:21,3
DA:22,3
DA:24,1
DA:28,25
DA:32,1
DA:35,24
DA:36,3
DA:39,24
DA:40,24
DA:41,4
DA:42,4
DA:44,19
DA:45,19
DA:50,4
DA:51,1
DA:53,4
DA:54,4
DA:58,19
DA:59,19
DA:61,19
DA:65,7
DA:66,7
DA:71,8
DA:75,2
DA:83,5
DA:84,5
DA:85,5
DA:86,5
DA:90,2
LF:43
LH:43
BRDA:12,0,0,2
BRDA:13,1,0,2
BRDA:14,2,0,2
BRDA:18,3,0,4
BRDA:19,4,0,3
BRDA:19,4,1,1
BRDA:28,5,0,1
BRDA:29,6,0,25
BRDA:29,6,1,4
BRDA:35,7,0,3
BRDA:50,8,0,1
BRDA:61,9,0,7
BRDA:62,10,0,19
BRDA:62,10,1,18
BRF:14
BRH:14
end_of_record
TN:
SF:src/services/gateway.service.ts
FN:15,sleep
FN:16,(anonymous_1)
FN:19,simulateGatewayRequest
FN:26,(anonymous_3)
FN:43,(anonymous_4)
FN:52,chargePayment
FN:60,(anonymous_6)
FNF:7
FNH:6
FNDA:4,sleep
FNDA:4,(anonymous_1)
FNDA:3,simulateGatewayRequest
FNDA:3,(anonymous_3)
FNDA:0,(anonymous_4)
FNDA:3,chargePayment
FNDA:3,(anonymous_6)
DA:1,1
DA:3,1
DA:4,1
DA:5,1
DA:7,1
DA:16,4
DA:20,3
DA:22,3
DA:23,3
DA:26,3
DA:27,3
DA:29,3
DA:31,1
DA:34,2
DA:35,1
DA:36,1
DA:39,1
DA:42,3
DA:43,1
DA:44,0
DA:46,1
DA:49,2
DA:52,1
DA:57,3
DA:59,3
DA:60,3
DA:61,3
DA:63,2
DA:64,2
DA:66,1
DA:67,1
DA:68,1
LF:32
LH:31
BRDA:29,0,0,1
BRDA:34,1,0,1
BRDA:42,2,0,1
BRDA:66,3,0,1
BRDA:66,3,1,0
BRF:5
BRH:4
end_of_record
TN:
SF:src/services/payment.service.ts
FN:7,createPayment
FN:22,getPayment
FN:26,listPayments
FN:48,retryFailedPayment
FNF:4
FNH:4
FNDA:20,createPayment
FNDA:2,getPayment
FNDA:4,listPayments
FNDA:3,retryFailedPayment
DA:1,1
DA:2,1
DA:3,1
DA:4,1
DA:5,1
DA:7,1
DA:8,20
DA:15,20
DA:17,20
DA:19,20
DA:22,1
DA:23,2
DA:26,1
DA:32,4
DA:33,4
DA:34,4
DA:36,4
DA:45,4
DA:48,1
DA:49,3
DA:63,3
DA:64,1
DA:67,2
DA:68,2
DA:69,2
LF:25
LH:25
BRDA:29,0,0,3
BRDA:30,1,0,3
BRDA:33,2,0,1
BRDA:34,3,0,1
BRDA:63,4,0,1
BRF:5
BRH:5
end_of_record
TN:
SF:src/services/webhook.service.ts
FN:11,handleWebhookCallback
FNF:1
FNH:1
FNDA:7,handleWebhookCallback
DA:1,1
DA:2,1
DA:3,1
DA:6,1
DA:11,1
DA:15,7
DA:17,7
DA:19,7
DA:20,1
DA:23,6
DA:24,6
DA:25,1
DA:29,5
DA:30,1
DA:31,1
DA:34,4
DA:35,4
DA:36,1
DA:42,1
DA:45,3
DA:50,3
DA:51,2
DA:52,2
DA:53,2
DA:54,1
DA:55,1
DA:59,3
DA:65,3
DA:66,0
DA:67,0
DA:70,3
DA:71,3
LF:32
LH:30
BRDA:19,0,0,1
BRDA:24,1,0,1
BRDA:29,2,0,1
BRDA:34,3,0,4
BRDA:34,3,1,1
BRDA:35,4,0,1
BRDA:50,5,0,2
BRDA:50,5,1,1
BRDA:54,6,0,1
BRDA:65,7,0,0
BRF:10
BRH:9
end_of_record
TN:
SF:src/utils/logger.ts
FNF:0
FNH:0
DA:1,4
DA:2,4
DA:4,4
DA:6,4
LF:4
LH:4
BRDA:7,0,0,4
BRDA:7,0,1,0
BRDA:7,1,0,0
BRDA:7,1,1,0
BRDA:12,2,0,0
BRDA:12,2,1,4
BRF:6
BRH:2
end_of_record
